


ARM Macro Assembler    Page 1 


    1 00000000         ;
    2 00000000         ;                                                  FILE-
                       START
    3 00000000         ;
    4 00000000         ; 文件名称: print.asm
    5 00000000         ;
    6 00000000         ; 文件内容: print函数与sprint跳转
    7 00000000         ;
    8 00000000         ; 文件版本: 1.0.0
    9 00000000         ;
   10 00000000         ; 文件作者: AhDun (mail: ahdunxx@163.com)
   11 00000000         ;
   12 00000000         ; 开发环境: STM32F407ZGT6@168MHz & MDK-ARM Version: 5.27
                       .1.0
   13 00000000         ;
   14 00000000         ; 注    释: 无
   15 00000000         ;
   16 00000000         ;
   17 00000000         ;
   18 00000000         ;
   19 00000000         ;                                                  <声明
                       区>
   20 00000000         ;
   21 00000000                 IMPORT           xprint
   22 00000000         ;
   23 00000000         ;                                                  <全局
                       标号>
   24 00000000         ;
   25 00000000                 EXPORT           print
   26 00000000                 EXPORT           sprint
   27 00000000         ;
   28 00000000         ;                                                  <常量
                       标号定义>
   29 00000000         ;
   30 00000000         ;
   31 00000000         ;
   32 00000000         ;                                                  <代码
                       区>
   33 00000000         ;
   34 00000000                 PRESERVE8
   35 00000000                 THUMB
   36 00000000         
   37 00000000                 AREA             CODE, CODE, READONLY
   38 00000000         ;PRESERVE8 
   39 00000000         
   40 00000000         ;AREA    |.text|, CODE, READONLY
   41 00000000         ;THUMB 
   42 00000000         ;
   43 00000000         ;
   44 00000000         ; 函数名称: CPU_PendSV_STATE
   45 00000000         ;
   46 00000000         ; 函数版本: 1.0.0
   47 00000000         ;
   48 00000000         ; 函数功能: 查询内核是否已经被悬起
   49 00000000         ;
   50 00000000         ; 输入参数: 无
   51 00000000         ;
   52 00000000         ; 输出参数: 无
   53 00000000         ;



ARM Macro Assembler    Page 2 


   54 00000000         ; 注    释: 无
   55 00000000         ;
   56 00000000         print
   57 00000000 B408            PUSH             {R3}
   58 00000002 B404            PUSH             {R2}
   59 00000004 B402            PUSH             {R1}
   60 00000006 B401            PUSH             {R0}
   61 00000008 F04F 0100       MOV              R1,#0x00
   62 0000000C 4668            MOV              R0,SP
   63 0000000E E92D 5FF0       PUSH             {R4-R12,LR}
   64 00000012 4A0F            LDR              R2,=xprint
   65 00000014 4790            BLX              R2          ;跳转到BX寄存器中所
                                                            指向的值
   66 00000016 BF00            NOP
   67 00000018 BF00            NOP
   68 0000001A E8BD 5FF0       POP              {R4-R12,LR}
   69 0000001E BC01            POP              {R0}
   70 00000020 BC02            POP              {R1}
   71 00000022 BC04            POP              {R2}
   72 00000024 BC08            POP              {R3}
   73 00000026 4770            BX               LR
   74 00000028         ;
   75 00000028         ; 函数名称: CPU_PendSV
   76 00000028         ;
   77 00000028         ; 函数版本: 1.0.0
   78 00000028         ;
   79 00000028         ; 函数功能: 使内核PendSV悬起
   80 00000028         ;
   81 00000028         ; 输入参数: 无
   82 00000028         ;
   83 00000028         ; 输出参数: 无
   84 00000028         ;
   85 00000028         ; 注    释: 无
   86 00000028         sprint
   87 00000028 B408            PUSH             {R3}
   88 0000002A B404            PUSH             {R2}
   89 0000002C B402            PUSH             {R1}
   90 0000002E B401            PUSH             {R0}
   91 00000030 F04F 0101       MOV              R1,#0x01
   92 00000034 4668            MOV              R0,SP
   93 00000036 E92D 5FF0       PUSH             {R4-R12,LR}
   94 0000003A 4A05            LDR              R2,=xprint
   95 0000003C 4790            BLX              R2          ;跳转到BX寄存器中所
                                                            指向的值
   96 0000003E BF00            NOP
   97 00000040 BF00            NOP
   98 00000042 E8BD 5FF0       POP              {R4-R12,LR}
   99 00000046 BC01            POP              {R0}
  100 00000048 BC02            POP              {R1}
  101 0000004A BC04            POP              {R2}
  102 0000004C BC08            POP              {R3}
  103 0000004E 4770            BX               LR
  104 00000050         
  105 00000050         
  106 00000050                 END
              00000000 
Command Line: --debug --xref --diag_suppress=9931 --cpu=Cortex-M4.fp --apcs=int
erwork --depend=.\objects\print.d -o.\objects\print.o -I.\RTE\_softos_arm_demo 
-IC:\Keil\ARM\PACK\Keil\STM32F4xx_DFP\2.15.0\Drivers\CMSIS\Device\ST\STM32F4xx\



ARM Macro Assembler    Page 3 


Include -IC:\Keil\ARM\CMSIS\Include -IC:\Keil\ARM\PACK\Keil\STM32F4xx_DFP\2.15.
0\Device\Include --predefine="__MICROLIB SETA 1" --predefine="__UVISION_VERSION
 SETA 527" --predefine="STM32F407xx SETA 1" --list=.\listings\print.lst ..\..\.
.\SoftOs\stdfunc\print.asm



ARM Macro Assembler    Page 1 Alphabetic symbol ordering
Relocatable symbols

CODE 00000000

Symbol: CODE
   Definitions
      At line 37 in file ..\..\..\SoftOs\stdfunc\print.asm
   Uses
      None
Comment: CODE unused
print 00000000

Symbol: print
   Definitions
      At line 56 in file ..\..\..\SoftOs\stdfunc\print.asm
   Uses
      At line 25 in file ..\..\..\SoftOs\stdfunc\print.asm
Comment: print used once
sprint 00000028

Symbol: sprint
   Definitions
      At line 86 in file ..\..\..\SoftOs\stdfunc\print.asm
   Uses
      At line 26 in file ..\..\..\SoftOs\stdfunc\print.asm
Comment: sprint used once
3 symbols



ARM Macro Assembler    Page 1 Alphabetic symbol ordering
External symbols

xprint 00000000

Symbol: xprint
   Definitions
      At line 21 in file ..\..\..\SoftOs\stdfunc\print.asm
   Uses
      At line 64 in file ..\..\..\SoftOs\stdfunc\print.asm
      At line 94 in file ..\..\..\SoftOs\stdfunc\print.asm

1 symbol
340 symbols in table
